Using pre-set license
Built from '6000.0/staging' branch; Version is '6000.0.41f1 (46e447368a18) revision 4645959'; Using compiler version '193933523'; Build Type 'Release'
OS: 'Windows 11  (10.0.26100) 64bit Core' Language: 'pt' Physical Memory: 7886 MB
BatchMode: 1, IsHumanControllingUs: 0, StartBugReporterOnCrash: 0, Is64bit: 1, IsPro: 1

COMMAND LINE ARGUMENTS:
C:\Program Files\Unity\Hub\Editor\6000.0.41f1\Editor\Unity.exe
-adb2
-batchMode
-noUpm
-name
AssetImportWorker0
-projectPath
C:/Users/diogo/AIRPLANE SHOOTER
-logFile
Logs/AssetImportWorker0.log
-srvPort
56117
-job-worker-count
1
-background-job-worker-count
8
-gc-helper-count
1
Successfully changed project path to: C:/Users/diogo/AIRPLANE SHOOTER
C:/Users/diogo/AIRPLANE SHOOTER
[UnityMemory] Configuration Parameters - Can be set up in boot.config
    "memorysetup-bucket-allocator-granularity=16"
    "memorysetup-bucket-allocator-bucket-count=8"
    "memorysetup-bucket-allocator-block-size=33554432"
    "memorysetup-bucket-allocator-block-count=8"
    "memorysetup-main-allocator-block-size=16777216"
    "memorysetup-thread-allocator-block-size=16777216"
    "memorysetup-gfx-main-allocator-block-size=16777216"
    "memorysetup-gfx-thread-allocator-block-size=16777216"
    "memorysetup-cache-allocator-block-size=4194304"
    "memorysetup-typetree-allocator-block-size=2097152"
    "memorysetup-profiler-bucket-allocator-granularity=16"
    "memorysetup-profiler-bucket-allocator-bucket-count=8"
    "memorysetup-profiler-bucket-allocator-block-size=33554432"
    "memorysetup-profiler-bucket-allocator-block-count=8"
    "memorysetup-profiler-allocator-block-size=16777216"
    "memorysetup-profiler-editor-allocator-block-size=1048576"
    "memorysetup-temp-allocator-size-main=16777216"
    "memorysetup-job-temp-allocator-block-size=2097152"
    "memorysetup-job-temp-allocator-block-size-background=1048576"
    "memorysetup-job-temp-allocator-reduction-small-platforms=262144"
    "memorysetup-allocator-temp-initial-block-size-main=262144"
    "memorysetup-allocator-temp-initial-block-size-worker=262144"
    "memorysetup-temp-allocator-size-background-worker=32768"
    "memorysetup-temp-allocator-size-job-worker=262144"
    "memorysetup-temp-allocator-size-preload-manager=33554432"
    "memorysetup-temp-allocator-size-nav-mesh-worker=65536"
    "memorysetup-temp-allocator-size-audio-worker=65536"
    "memorysetup-temp-allocator-size-cloud-worker=32768"
    "memorysetup-temp-allocator-size-gi-baking-worker=262144"
    "memorysetup-temp-allocator-size-gi-baking-worker=262144"
    "memorysetup-temp-allocator-size-gi-baking-worker=262144"
    "memorysetup-temp-allocator-size-gi-baking-worker=262144"
    "memorysetup-temp-allocator-size-gi-baking-worker=262144"
    "memorysetup-temp-allocator-size-gfx=262144"
Player connection [30608]  Target information:

Player connection [30608]  * "[IP] 192.168.56.1 [Port] 0 [Flags] 2 [Guid] 3325712802 [EditorId] 3325712802 [Version] 1048832 [Id] WindowsEditor(7,pc-do-dj) [Debug] 1 [PackageName] WindowsEditor [ProjectName] Editor" 

Player connection [30608]  * "[IP] 192.168.1.73 [Port] 0 [Flags] 2 [Guid] 3325712802 [EditorId] 3325712802 [Version] 1048832 [Id] WindowsEditor(7,pc-do-dj) [Debug] 1 [PackageName] WindowsEditor [ProjectName] Editor" 

Player connection [30608] Host joined multi-casting on [225.0.0.222:54997]...
Player connection [30608] Host joined alternative multi-casting on [225.0.0.222:34997]...
JobSystem: Creating JobQueue using job-worker-count value 1
Input System module state changed to: Initialized.
[Physics::Module] Initialized fallback backend.
[Physics::Module] Id: 0xdecafbad
Library Redirect Path: Library/
[Physics::Module] Selected backend.
[Physics::Module] Name: PhysX
[Physics::Module] Id: 0xf2b8ea05
[Physics::Module] SDK Version: 4.1.2
[Physics::Module] Integration Version: 1.0.0
[Physics::Module] Threading Mode: Multi-Threaded
Refreshing native plugins compatible for Editor in 33.51 ms, found 3 plugins.
Preloading 0 native plugins for Editor in 0.00 ms.
Initialize engine version: 6000.0.41f1 (46e447368a18)
[Subsystems] Discovering subsystems at path C:/Program Files/Unity/Hub/Editor/6000.0.41f1/Editor/Data/Resources/UnitySubsystems
[Subsystems] Discovering subsystems at path C:/Users/diogo/AIRPLANE SHOOTER/Assets
GfxDevice: creating device client; kGfxThreadingModeNonThreaded
Direct3D:
    Version:  Direct3D 11.0 [level 11.1]
    Renderer: Intel(R) UHD Graphics (ID=0x9a78)
    Vendor:   Intel
    VRAM:     3943 MB
    Driver:   32.0.101.6881
Initialize mono
Mono path[0] = 'C:/Program Files/Unity/Hub/Editor/6000.0.41f1/Editor/Data/Managed'
Mono path[1] = 'C:/Program Files/Unity/Hub/Editor/6000.0.41f1/Editor/Data/MonoBleedingEdge/lib/mono/unityjit-win32'
Mono config path = 'C:/Program Files/Unity/Hub/Editor/6000.0.41f1/Editor/Data/MonoBleedingEdge/etc'
Using monoOptions --debugger-agent=transport=dt_socket,embedding=1,server=y,suspend=n,address=127.0.0.1:56240
Begin MonoManager ReloadAssembly
Registering precompiled unity dll's ...
Register platform support module: C:/Program Files/Unity/Hub/Editor/6000.0.41f1/Editor/Data/PlaybackEngines/WebGLSupport/UnityEditor.WebGL.Extensions.dll
Register platform support module: C:/Program Files/Unity/Hub/Editor/6000.0.41f1/Editor/Data/PlaybackEngines/WindowsStandaloneSupport/UnityEditor.WindowsStandalone.Extensions.dll
Registered in 0.010841 seconds.
- Loaded All Assemblies, in  5.997 seconds
Native extension for WindowsStandalone target not found
Native extension for WebGL target not found
Mono: successfully reloaded assembly
- Finished resetting the current domain, in  4.732 seconds
Domain Reload Profiling: 10725ms
	BeginReloadAssembly (330ms)
		ExecutionOrderSort (0ms)
		DisableScriptedObjects (0ms)
		BackupInstance (0ms)
		ReleaseScriptingObjects (0ms)
		CreateAndSetChildDomain (7ms)
	RebuildCommonClasses (73ms)
	RebuildNativeTypeToScriptingClass (28ms)
	initialDomainReloadingComplete (101ms)
	LoadAllAssembliesAndSetupDomain (5459ms)
		LoadAssemblies (288ms)
		RebuildTransferFunctionScriptingTraits (0ms)
		AnalyzeDomain (5452ms)
			TypeCache.Refresh (5449ms)
				TypeCache.ScanAssembly (5393ms)
			BuildScriptInfoCaches (0ms)
			ResolveRequiredComponents (2ms)
	FinalizeReload (4734ms)
		ReleaseScriptCaches (0ms)
		RebuildScriptCaches (0ms)
		SetupLoadedEditorAssemblies (4375ms)
			LogAssemblyErrors (0ms)
			InitializePlatformSupportModulesInManaged (57ms)
			SetLoadedEditorAssemblies (12ms)
			BeforeProcessingInitializeOnLoad (247ms)
			ProcessInitializeOnLoadAttributes (3440ms)
			ProcessInitializeOnLoadMethodAttributes (618ms)
			AfterProcessingInitializeOnLoad (1ms)
			EditorAssembliesLoaded (0ms)
		ExecutionOrderSort2 (0ms)
		AwakeInstancesAfterBackupRestoration (0ms)
========================================================================
Worker process is ready to serve import requests
Import Worker Mode flag is 0x00
Begin MonoManager ReloadAssembly
- Loaded All Assemblies, in  3.943 seconds
Refreshing native plugins compatible for Editor in 3.02 ms, found 3 plugins.
Native extension for WindowsStandalone target not found
Native extension for WebGL target not found
Mono: successfully reloaded assembly
- Finished resetting the current domain, in  4.340 seconds
Domain Reload Profiling: 8260ms
	BeginReloadAssembly (693ms)
		ExecutionOrderSort (0ms)
		DisableScriptedObjects (21ms)
		BackupInstance (0ms)
		ReleaseScriptingObjects (0ms)
		CreateAndSetChildDomain (100ms)
	RebuildCommonClasses (72ms)
	RebuildNativeTypeToScriptingClass (16ms)
	initialDomainReloadingComplete (258ms)
	LoadAllAssembliesAndSetupDomain (2879ms)
		LoadAssemblies (2373ms)
		RebuildTransferFunctionScriptingTraits (0ms)
		AnalyzeDomain (978ms)
			TypeCache.Refresh (939ms)
				TypeCache.ScanAssembly (900ms)
			BuildScriptInfoCaches (30ms)
			ResolveRequiredComponents (5ms)
	FinalizeReload (4341ms)
		ReleaseScriptCaches (0ms)
		RebuildScriptCaches (0ms)
		SetupLoadedEditorAssemblies (4191ms)
			LogAssemblyErrors (0ms)
			InitializePlatformSupportModulesInManaged (4ms)
			SetLoadedEditorAssemblies (4ms)
			BeforeProcessingInitializeOnLoad (412ms)
			ProcessInitializeOnLoadAttributes (3618ms)
			ProcessInitializeOnLoadMethodAttributes (110ms)
			AfterProcessingInitializeOnLoad (42ms)
			EditorAssembliesLoaded (1ms)
		ExecutionOrderSort2 (0ms)
		AwakeInstancesAfterBackupRestoration (28ms)
Launched and connected shader compiler UnityShaderCompiler.exe after 0.03 seconds
Refreshing native plugins compatible for Editor in 9.44 ms, found 3 plugins.
Preloading 0 native plugins for Editor in 0.00 ms.
Unloading 8 Unused Serialized files (Serialized files now loaded: 0)
Unloading 3709 unused Assets / (396.5 KB). Loaded Objects now: 4195.
Memory consumption went from 80.7 MB to 80.3 MB.
Total: 193.832000 ms (FindLiveObjects: 2.062600 ms CreateObjectMapping: 1.538400 ms MarkObjects: 62.261100 ms  DeleteObjects: 127.966800 ms)

========================================================================
Received Import Request.
  Time since last request: 257992.032760 seconds.
  path: Assets/Materials/Mountains.mat
  artifactKey: Guid(1b84e3cfb25fe8c48b469c5b9b0691b9) Importer(815301076,1909f56bfc062723c751e8b465ee728b)
Start importing Assets/Materials/Mountains.mat using Guid(1b84e3cfb25fe8c48b469c5b9b0691b9) Importer(815301076,1909f56bfc062723c751e8b465ee728b) (PreviewImporter) -> (artifact id: '3d2c01ca4bc87b0b3718e761f445e376') in 1.3799126 seconds
Number of updated asset objects reloaded before import = 0Number of asset objects unloaded after import = 2

========================================================================
Received Import Request.
  Time since last request: 0.000039 seconds.
  path: Assets/Materials/Gold.mat
  artifactKey: Guid(229ae2f08feaa6b478fdee4f1bff993c) Importer(815301076,1909f56bfc062723c751e8b465ee728b)
Start importing Assets/Materials/Gold.mat using Guid(229ae2f08feaa6b478fdee4f1bff993c) Importer(815301076,1909f56bfc062723c751e8b465ee728b) (PreviewImporter) -> (artifact id: '1c17b2f11aafdc664086cf2b107732be') in 0.0417332 seconds
Number of updated asset objects reloaded before import = 0Number of asset objects unloaded after import = 1

========================================================================
Received Import Request.
  Time since last request: 0.000041 seconds.
  path: Assets/Materials/Sand.mat
  artifactKey: Guid(eb8e7a7535139d54b8fa10c414559288) Importer(815301076,1909f56bfc062723c751e8b465ee728b)
Start importing Assets/Materials/Sand.mat using Guid(eb8e7a7535139d54b8fa10c414559288) Importer(815301076,1909f56bfc062723c751e8b465ee728b) (PreviewImporter) -> (artifact id: 'cf8cf6645777c4aca7b4ea87c6d5fff1') in 0.184233 seconds
Number of updated asset objects reloaded before import = 0Number of asset objects unloaded after import = 2

========================================================================
Received Import Request.
  Time since last request: 0.000033 seconds.
  path: Assets/Materials/Green.mat
  artifactKey: Guid(073833d45bd021c4489f7312fa39bc6d) Importer(815301076,1909f56bfc062723c751e8b465ee728b)
Start importing Assets/Materials/Green.mat using Guid(073833d45bd021c4489f7312fa39bc6d) Importer(815301076,1909f56bfc062723c751e8b465ee728b) (PreviewImporter) -> (artifact id: '769ca4d87bcdb0c6f0ade8eeeedf989f') in 0.0354537 seconds
Number of updated asset objects reloaded before import = 0Number of asset objects unloaded after import = 1

========================================================================
Received Import Request.
  Time since last request: 2.421491 seconds.
  path: ProjectSettings/TagManager.asset
  artifactKey: Guid(00000000000000003000000000000000) Importer(815301076,1909f56bfc062723c751e8b465ee728b)
Start importing ProjectSettings/TagManager.asset using Guid(00000000000000003000000000000000) Importer(815301076,1909f56bfc062723c751e8b465ee728b) (PreviewImporter) -> (artifact id: 'be09f2ddbe212c56907233aba085a71d') in 0.0017981 seconds
Number of updated asset objects reloaded before import = 0Number of asset objects unloaded after import = 0

========================================================================
Received Import Request.
  Time since last request: 13.954721 seconds.
  path: Assets/Prefabs/Bullet.prefab
  artifactKey: Guid(15b17aa43df3c674e89f644c5190c412) Importer(815301076,1909f56bfc062723c751e8b465ee728b)
Start importing Assets/Prefabs/Bullet.prefab using Guid(15b17aa43df3c674e89f644c5190c412) Importer(815301076,1909f56bfc062723c751e8b465ee728b) (PreviewImporter) -> (artifact id: '491dd76cc2e51906e949fc8ce83eecdb') in 0.0781438 seconds
Number of updated asset objects reloaded before import = 0Number of asset objects unloaded after import = 8

========================================================================
Received Import Request.
  Time since last request: 14.837149 seconds.
  path: Assets/Prefabs/jet.prefab
  artifactKey: Guid(10daf6b344f7a9849bda7f99eea67aef) Importer(815301076,1909f56bfc062723c751e8b465ee728b)
Start importing Assets/Prefabs/jet.prefab using Guid(10daf6b344f7a9849bda7f99eea67aef) Importer(815301076,1909f56bfc062723c751e8b465ee728b) (PreviewImporter) -> (artifact id: '23b5dc3bc9bbb77def1f6e9d6c247a2a') in 0.0451984 seconds
Number of updated asset objects reloaded before import = 0Number of asset objects unloaded after import = 18

========================================================================
Received Prepare
Begin MonoManager ReloadAssembly
- Loaded All Assemblies, in 59.690 seconds
Refreshing native plugins compatible for Editor in 27.54 ms, found 3 plugins.
Native extension for WindowsStandalone target not found
Native extension for WebGL target not found
Mono: successfully reloaded assembly
- Finished resetting the current domain, in 18.436 seconds
Domain Reload Profiling: 78670ms
	BeginReloadAssembly (10395ms)
		ExecutionOrderSort (6ms)
		DisableScriptedObjects (140ms)
		BackupInstance (0ms)
		ReleaseScriptingObjects (2ms)
		CreateAndSetChildDomain (1127ms)
	RebuildCommonClasses (9184ms)
	RebuildNativeTypeToScriptingClass (1184ms)
	initialDomainReloadingComplete (2817ms)
	LoadAllAssembliesAndSetupDomain (36649ms)
		LoadAssemblies (35157ms)
		RebuildTransferFunctionScriptingTraits (0ms)
		AnalyzeDomain (7516ms)
			TypeCache.Refresh (589ms)
				TypeCache.ScanAssembly (5ms)
			BuildScriptInfoCaches (5699ms)
			ResolveRequiredComponents (140ms)
	FinalizeReload (18440ms)
		ReleaseScriptCaches (0ms)
		RebuildScriptCaches (0ms)
		SetupLoadedEditorAssemblies (15034ms)
			LogAssemblyErrors (0ms)
			InitializePlatformSupportModulesInManaged (30ms)
			SetLoadedEditorAssemblies (32ms)
			BeforeProcessingInitializeOnLoad (4648ms)
			ProcessInitializeOnLoadAttributes (8691ms)
			ProcessInitializeOnLoadMethodAttributes (1183ms)
			AfterProcessingInitializeOnLoad (443ms)
			EditorAssembliesLoaded (6ms)
		ExecutionOrderSort2 (0ms)
		AwakeInstancesAfterBackupRestoration (40ms)
Refreshing native plugins compatible for Editor in 8.38 ms, found 3 plugins.
Preloading 0 native plugins for Editor in 0.00 ms.
Unloading 1 Unused Serialized files (Serialized files now loaded: 0)
Unloading 3708 unused Assets / (0.9 MB). Loaded Objects now: 4240.
Memory consumption went from 84.9 MB to 83.9 MB.
Total: 48.995900 ms (FindLiveObjects: 1.745700 ms CreateObjectMapping: 2.744500 ms MarkObjects: 33.551800 ms  DeleteObjects: 10.948900 ms)

Prepare: number of updated asset objects reloaded= 0
========================================================================
Received Import Request.
  Time since last request: 384.725533 seconds.
  path: Assets/Prefabs/Bullet.prefab
  artifactKey: Guid(15b17aa43df3c674e89f644c5190c412) Importer(815301076,1909f56bfc062723c751e8b465ee728b)
Start importing Assets/Prefabs/Bullet.prefab using Guid(15b17aa43df3c674e89f644c5190c412) Importer(815301076,1909f56bfc062723c751e8b465ee728b) (PreviewImporter) -> (artifact id: 'cfc675928bf4864b6fdba22c37d381e4') in 0.7676093 seconds
Number of updated asset objects reloaded before import = 0Number of asset objects unloaded after import = 9

========================================================================
Received Prepare
Begin MonoManager ReloadAssembly
- Loaded All Assemblies, in 44.553 seconds
Refreshing native plugins compatible for Editor in 71.63 ms, found 3 plugins.
Native extension for WindowsStandalone target not found
Native extension for WebGL target not found
Mono: successfully reloaded assembly
- Finished resetting the current domain, in 31.925 seconds
Domain Reload Profiling: 75598ms
	BeginReloadAssembly (13711ms)
		ExecutionOrderSort (3ms)
		DisableScriptedObjects (202ms)
		BackupInstance (0ms)
		ReleaseScriptingObjects (13ms)
		CreateAndSetChildDomain (5700ms)
	RebuildCommonClasses (952ms)
	RebuildNativeTypeToScriptingClass (263ms)
	initialDomainReloadingComplete (1329ms)
	LoadAllAssembliesAndSetupDomain (27414ms)
		LoadAssemblies (23152ms)
		RebuildTransferFunctionScriptingTraits (0ms)
		AnalyzeDomain (10162ms)
			TypeCache.Refresh (57ms)
				TypeCache.ScanAssembly (1ms)
			BuildScriptInfoCaches (9610ms)
			ResolveRequiredComponents (416ms)
	FinalizeReload (31929ms)
		ReleaseScriptCaches (0ms)
		RebuildScriptCaches (0ms)
		SetupLoadedEditorAssemblies (22064ms)
			LogAssemblyErrors (0ms)
			InitializePlatformSupportModulesInManaged (141ms)
			SetLoadedEditorAssemblies (480ms)
			BeforeProcessingInitializeOnLoad (10740ms)
			ProcessInitializeOnLoadAttributes (10466ms)
			ProcessInitializeOnLoadMethodAttributes (199ms)
			AfterProcessingInitializeOnLoad (37ms)
			EditorAssembliesLoaded (1ms)
		ExecutionOrderSort2 (0ms)
		AwakeInstancesAfterBackupRestoration (17ms)
Refreshing native plugins compatible for Editor in 4.42 ms, found 3 plugins.
Preloading 0 native plugins for Editor in 0.00 ms.
Unloading 0 Unused Serialized files (Serialized files now loaded: 0)
Unloading 3707 unused Assets / (169.1 KB). Loaded Objects now: 4240.
Memory consumption went from 84.8 MB to 84.6 MB.
Total: 57.736900 ms (FindLiveObjects: 2.344000 ms CreateObjectMapping: 3.411100 ms MarkObjects: 42.446700 ms  DeleteObjects: 9.531100 ms)

Prepare: number of updated asset objects reloaded= 0
========================================================================
Received Prepare
Begin MonoManager ReloadAssembly
- Loaded All Assemblies, in 31.760 seconds
Refreshing native plugins compatible for Editor in 6.71 ms, found 3 plugins.
Native extension for WindowsStandalone target not found
Native extension for WebGL target not found
Mono: successfully reloaded assembly
- Finished resetting the current domain, in  7.860 seconds
Domain Reload Profiling: 39155ms
	BeginReloadAssembly (7145ms)
		ExecutionOrderSort (0ms)
		DisableScriptedObjects (27ms)
		BackupInstance (0ms)
		ReleaseScriptingObjects (0ms)
		CreateAndSetChildDomain (2984ms)
	RebuildCommonClasses (5593ms)
	RebuildNativeTypeToScriptingClass (2455ms)
	initialDomainReloadingComplete (1840ms)
	LoadAllAssembliesAndSetupDomain (14259ms)
		LoadAssemblies (15818ms)
		RebuildTransferFunctionScriptingTraits (0ms)
		AnalyzeDomain (1554ms)
			TypeCache.Refresh (248ms)
				TypeCache.ScanAssembly (2ms)
			BuildScriptInfoCaches (1261ms)
			ResolveRequiredComponents (25ms)
	FinalizeReload (7863ms)
		ReleaseScriptCaches (0ms)
		RebuildScriptCaches (0ms)
		SetupLoadedEditorAssemblies (6092ms)
			LogAssemblyErrors (0ms)
			InitializePlatformSupportModulesInManaged (69ms)
			SetLoadedEditorAssemblies (103ms)
			BeforeProcessingInitializeOnLoad (1123ms)
			ProcessInitializeOnLoadAttributes (3950ms)
			ProcessInitializeOnLoadMethodAttributes (811ms)
			AfterProcessingInitializeOnLoad (35ms)
			EditorAssembliesLoaded (0ms)
		ExecutionOrderSort2 (0ms)
		AwakeInstancesAfterBackupRestoration (59ms)
Refreshing native plugins compatible for Editor in 9.50 ms, found 3 plugins.
Preloading 0 native plugins for Editor in 0.00 ms.
Unloading 0 Unused Serialized files (Serialized files now loaded: 0)
Unloading 3707 unused Assets / (414.3 KB). Loaded Objects now: 4240.
Memory consumption went from 84.8 MB to 84.4 MB.
Total: 183.931100 ms (FindLiveObjects: 1.118800 ms CreateObjectMapping: 2.627500 ms MarkObjects: 176.737200 ms  DeleteObjects: 3.443700 ms)

Prepare: number of updated asset objects reloaded= 0
========================================================================
Received Import Request.
  Time since last request: 626.455919 seconds.
  path: Assets/Prefabs/Bullet.prefab
  artifactKey: Guid(15b17aa43df3c674e89f644c5190c412) Importer(815301076,1909f56bfc062723c751e8b465ee728b)
Start importing Assets/Prefabs/Bullet.prefab using Guid(15b17aa43df3c674e89f644c5190c412) Importer(815301076,1909f56bfc062723c751e8b465ee728b) (PreviewImporter) -> (artifact id: '10967ad6ccccd93e434e4a0c30440e00') in 2.9467209 seconds
Number of updated asset objects reloaded before import = 0Number of asset objects unloaded after import = 9

========================================================================
Received Import Request.
  Time since last request: 8.383573 seconds.
  path: Assets/Prefabs/jet.prefab
  artifactKey: Guid(10daf6b344f7a9849bda7f99eea67aef) Importer(815301076,1909f56bfc062723c751e8b465ee728b)
Start importing Assets/Prefabs/jet.prefab using Guid(10daf6b344f7a9849bda7f99eea67aef) Importer(815301076,1909f56bfc062723c751e8b465ee728b) (PreviewImporter) -> (artifact id: 'b4acf19989ec8a6dc1050bf4e506bbc9') in 0.7820032 seconds
Number of updated asset objects reloaded before import = 0Number of asset objects unloaded after import = 19

========================================================================
Received Prepare
Refreshing native plugins compatible for Editor in 2.50 ms, found 3 plugins.
Preloading 0 native plugins for Editor in 0.00 ms.
Unloading 0 Unused Serialized files (Serialized files now loaded: 0)
Unloading 3700 unused Assets / (131.0 KB). Loaded Objects now: 4241.
Memory consumption went from 85.1 MB to 85.0 MB.
Total: 4842.595100 ms (FindLiveObjects: 1.821200 ms CreateObjectMapping: 0.642400 ms MarkObjects: 4783.849400 ms  DeleteObjects: 56.278000 ms)

Prepare: number of updated asset objects reloaded= 0
========================================================================
Received Import Request.
  Time since last request: 122.409621 seconds.
  path: Assets/Prefabs/jet.prefab
  artifactKey: Guid(10daf6b344f7a9849bda7f99eea67aef) Importer(815301076,1909f56bfc062723c751e8b465ee728b)
Start importing Assets/Prefabs/jet.prefab using Guid(10daf6b344f7a9849bda7f99eea67aef) Importer(815301076,1909f56bfc062723c751e8b465ee728b) (PreviewImporter) -> (artifact id: 'e93fc78a7dce729c153877785caa0a15') in 3.3564142 seconds
Number of updated asset objects reloaded before import = 0Number of asset objects unloaded after import = 19

========================================================================
Received Prepare
Begin MonoManager ReloadAssembly
- Loaded All Assemblies, in 37.565 seconds
Refreshing native plugins compatible for Editor in 37.90 ms, found 3 plugins.
Native extension for WindowsStandalone target not found
Native extension for WebGL target not found
Mono: successfully reloaded assembly
- Finished resetting the current domain, in 28.424 seconds
Domain Reload Profiling: 66157ms
	BeginReloadAssembly (1757ms)
		ExecutionOrderSort (0ms)
		DisableScriptedObjects (76ms)
		BackupInstance (0ms)
		ReleaseScriptingObjects (1ms)
		CreateAndSetChildDomain (680ms)
	RebuildCommonClasses (99ms)
	RebuildNativeTypeToScriptingClass (19ms)
	initialDomainReloadingComplete (194ms)
	LoadAllAssembliesAndSetupDomain (35657ms)
		LoadAssemblies (32232ms)
		RebuildTransferFunctionScriptingTraits (0ms)
		AnalyzeDomain (3648ms)
			TypeCache.Refresh (844ms)
				TypeCache.ScanAssembly (4ms)
			BuildScriptInfoCaches (2720ms)
			ResolveRequiredComponents (26ms)
	FinalizeReload (28429ms)
		ReleaseScriptCaches (0ms)
		RebuildScriptCaches (0ms)
		SetupLoadedEditorAssemblies (25169ms)
			LogAssemblyErrors (0ms)
			InitializePlatformSupportModulesInManaged (17ms)
			SetLoadedEditorAssemblies (325ms)
			BeforeProcessingInitializeOnLoad (3411ms)
			ProcessInitializeOnLoadAttributes (20470ms)
			ProcessInitializeOnLoadMethodAttributes (664ms)
			AfterProcessingInitializeOnLoad (276ms)
			EditorAssembliesLoaded (6ms)
		ExecutionOrderSort2 (0ms)
		AwakeInstancesAfterBackupRestoration (301ms)
Refreshing native plugins compatible for Editor in 10.94 ms, found 3 plugins.
Preloading 0 native plugins for Editor in 0.00 ms.
Unloading 0 Unused Serialized files (Serialized files now loaded: 0)
Unloading 3708 unused Assets / (0.6 MB). Loaded Objects now: 4241.
Memory consumption went from 84.8 MB to 84.2 MB.
Total: 135.504100 ms (FindLiveObjects: 2.397900 ms CreateObjectMapping: 2.130900 ms MarkObjects: 92.475600 ms  DeleteObjects: 38.477100 ms)

Prepare: number of updated asset objects reloaded= 0
========================================================================
Received Prepare
Begin MonoManager ReloadAssembly
- Loaded All Assemblies, in 24.094 seconds
Refreshing native plugins compatible for Editor in 9.54 ms, found 3 plugins.
Native extension for WindowsStandalone target not found
Native extension for WebGL target not found
Mono: successfully reloaded assembly
- Finished resetting the current domain, in 19.610 seconds
Domain Reload Profiling: 43687ms
	BeginReloadAssembly (7487ms)
		ExecutionOrderSort (0ms)
		DisableScriptedObjects (592ms)
		BackupInstance (0ms)
		ReleaseScriptingObjects (3ms)
		CreateAndSetChildDomain (2851ms)
	RebuildCommonClasses (1030ms)
	RebuildNativeTypeToScriptingClass (444ms)
	initialDomainReloadingComplete (363ms)
	LoadAllAssembliesAndSetupDomain (14750ms)
		LoadAssemblies (12739ms)
		RebuildTransferFunctionScriptingTraits (0ms)
		AnalyzeDomain (4863ms)
			TypeCache.Refresh (30ms)
				TypeCache.ScanAssembly (0ms)
			BuildScriptInfoCaches (4799ms)
			ResolveRequiredComponents (23ms)
	FinalizeReload (19614ms)
		ReleaseScriptCaches (0ms)
		RebuildScriptCaches (0ms)
		SetupLoadedEditorAssemblies (17428ms)
			LogAssemblyErrors (0ms)
			InitializePlatformSupportModulesInManaged (17ms)
			SetLoadedEditorAssemblies (17ms)
			BeforeProcessingInitializeOnLoad (1533ms)
			ProcessInitializeOnLoadAttributes (12497ms)
			ProcessInitializeOnLoadMethodAttributes (2202ms)
			AfterProcessingInitializeOnLoad (1153ms)
			EditorAssembliesLoaded (9ms)
		ExecutionOrderSort2 (0ms)
		AwakeInstancesAfterBackupRestoration (20ms)
Refreshing native plugins compatible for Editor in 21.71 ms, found 3 plugins.
Preloading 0 native plugins for Editor in 0.00 ms.
Unloading 0 Unused Serialized files (Serialized files now loaded: 0)
Unloading 3708 unused Assets / (1.1 MB). Loaded Objects now: 4241.
Memory consumption went from 84.8 MB to 83.7 MB.
Total: 22.397200 ms (FindLiveObjects: 5.430400 ms CreateObjectMapping: 0.986900 ms MarkObjects: 10.615600 ms  DeleteObjects: 5.361700 ms)

Prepare: number of updated asset objects reloaded= 0
========================================================================
Received Prepare
Refreshing native plugins compatible for Editor in 17.12 ms, found 3 plugins.
Preloading 0 native plugins for Editor in 0.00 ms.
Unloading 0 Unused Serialized files (Serialized files now loaded: 0)
Unloading 3701 unused Assets / (0.8 MB). Loaded Objects now: 4241.
Memory consumption went from 85.0 MB to 84.2 MB.
Total: 123.189700 ms (FindLiveObjects: 3.537500 ms CreateObjectMapping: 6.022200 ms MarkObjects: 63.680200 ms  DeleteObjects: 49.947100 ms)

Prepare: number of updated asset objects reloaded= 0
========================================================================
Received Prepare
Begin MonoManager ReloadAssembly
- Loaded All Assemblies, in 41.583 seconds
Refreshing native plugins compatible for Editor in 10.83 ms, found 3 plugins.
Native extension for WindowsStandalone target not found
Native extension for WebGL target not found
Mono: successfully reloaded assembly
- Finished resetting the current domain, in  8.099 seconds
Domain Reload Profiling: 49873ms
	BeginReloadAssembly (18087ms)
		ExecutionOrderSort (0ms)
		DisableScriptedObjects (4013ms)
		BackupInstance (0ms)
		ReleaseScriptingObjects (5ms)
		CreateAndSetChildDomain (7111ms)
	RebuildCommonClasses (2421ms)
	RebuildNativeTypeToScriptingClass (557ms)
	initialDomainReloadingComplete (1341ms)
	LoadAllAssembliesAndSetupDomain (19056ms)
		LoadAssemblies (17872ms)
		RebuildTransferFunctionScriptingTraits (0ms)
		AnalyzeDomain (4652ms)
			TypeCache.Refresh (82ms)
				TypeCache.ScanAssembly (2ms)
			BuildScriptInfoCaches (4538ms)
			ResolveRequiredComponents (17ms)
	FinalizeReload (8411ms)
		ReleaseScriptCaches (0ms)
		RebuildScriptCaches (0ms)
		SetupLoadedEditorAssemblies (4904ms)
			LogAssemblyErrors (0ms)
			InitializePlatformSupportModulesInManaged (7ms)
			SetLoadedEditorAssemblies (12ms)
			BeforeProcessingInitializeOnLoad (2098ms)
			ProcessInitializeOnLoadAttributes (2645ms)
			ProcessInitializeOnLoadMethodAttributes (115ms)
			AfterProcessingInitializeOnLoad (27ms)
			EditorAssembliesLoaded (0ms)
		ExecutionOrderSort2 (0ms)
		AwakeInstancesAfterBackupRestoration (25ms)
Refreshing native plugins compatible for Editor in 8.96 ms, found 3 plugins.
Preloading 0 native plugins for Editor in 0.00 ms.
Unloading 0 Unused Serialized files (Serialized files now loaded: 0)
Unloading 3708 unused Assets / (393.2 KB). Loaded Objects now: 4241.
Memory consumption went from 84.8 MB to 84.5 MB.
Total: 456.359100 ms (FindLiveObjects: 243.396600 ms CreateObjectMapping: 2.537200 ms MarkObjects: 200.745400 ms  DeleteObjects: 9.674700 ms)

Prepare: number of updated asset objects reloaded= 0
========================================================================
Received Prepare
Begin MonoManager ReloadAssembly
- Loaded All Assemblies, in  5.666 seconds
Refreshing native plugins compatible for Editor in 2.02 ms, found 3 plugins.
Native extension for WindowsStandalone target not found
Native extension for WebGL target not found
Mono: successfully reloaded assembly
- Finished resetting the current domain, in 12.214 seconds
Domain Reload Profiling: 17869ms
	BeginReloadAssembly (1050ms)
		ExecutionOrderSort (0ms)
		DisableScriptedObjects (47ms)
		BackupInstance (0ms)
		ReleaseScriptingObjects (2ms)
		CreateAndSetChildDomain (144ms)
	RebuildCommonClasses (547ms)
	RebuildNativeTypeToScriptingClass (50ms)
	initialDomainReloadingComplete (166ms)
	LoadAllAssembliesAndSetupDomain (3831ms)
		LoadAssemblies (3866ms)
		RebuildTransferFunctionScriptingTraits (0ms)
		AnalyzeDomain (720ms)
			TypeCache.Refresh (21ms)
				TypeCache.ScanAssembly (0ms)
			BuildScriptInfoCaches (671ms)
			ResolveRequiredComponents (17ms)
	FinalizeReload (12225ms)
		ReleaseScriptCaches (0ms)
		RebuildScriptCaches (0ms)
		SetupLoadedEditorAssemblies (10578ms)
			LogAssemblyErrors (0ms)
			InitializePlatformSupportModulesInManaged (5ms)
			SetLoadedEditorAssemblies (10ms)
			BeforeProcessingInitializeOnLoad (430ms)
			ProcessInitializeOnLoadAttributes (9156ms)
			ProcessInitializeOnLoadMethodAttributes (869ms)
			AfterProcessingInitializeOnLoad (107ms)
			EditorAssembliesLoaded (1ms)
		ExecutionOrderSort2 (0ms)
		AwakeInstancesAfterBackupRestoration (247ms)
Refreshing native plugins compatible for Editor in 9.06 ms, found 3 plugins.
Preloading 0 native plugins for Editor in 0.00 ms.
Unloading 0 Unused Serialized files (Serialized files now loaded: 0)
Unloading 3708 unused Assets / (256.5 KB). Loaded Objects now: 4241.
Memory consumption went from 84.8 MB to 84.6 MB.
Total: 19.274900 ms (FindLiveObjects: 1.664800 ms CreateObjectMapping: 0.821700 ms MarkObjects: 13.793300 ms  DeleteObjects: 2.993700 ms)

Prepare: number of updated asset objects reloaded= 0
========================================================================
Received Import Request.
  Time since last request: 516.593488 seconds.
  path: Assets/Prefabs/jet.prefab
  artifactKey: Guid(10daf6b344f7a9849bda7f99eea67aef) Importer(815301076,1909f56bfc062723c751e8b465ee728b)
Start importing Assets/Prefabs/jet.prefab using Guid(10daf6b344f7a9849bda7f99eea67aef) Importer(815301076,1909f56bfc062723c751e8b465ee728b) (PreviewImporter) -> (artifact id: '544cb7a884fd0106c96780cb1a9ec3b9') in 1.694594 seconds
Number of updated asset objects reloaded before import = 0Number of asset objects unloaded after import = 21

========================================================================
Received Import Request.
  Time since last request: 0.000464 seconds.
  path: Assets/Prefabs/jet.prefab
  artifactKey: Guid(10daf6b344f7a9849bda7f99eea67aef) Importer(815301076,1909f56bfc062723c751e8b465ee728b)
Start importing Assets/Prefabs/jet.prefab using Guid(10daf6b344f7a9849bda7f99eea67aef) Importer(815301076,1909f56bfc062723c751e8b465ee728b) (PreviewImporter) -> (artifact id: 'f64514b732c830038049ac5214fc0b5c') in 0.2633824 seconds
Number of updated asset objects reloaded before import = 0Number of asset objects unloaded after import = 21

========================================================================
Received Import Request.
  Time since last request: 6.310756 seconds.
  path: Assets/Prefabs/jet.prefab
  artifactKey: Guid(10daf6b344f7a9849bda7f99eea67aef) Importer(815301076,1909f56bfc062723c751e8b465ee728b)
Start importing Assets/Prefabs/jet.prefab using Guid(10daf6b344f7a9849bda7f99eea67aef) Importer(815301076,1909f56bfc062723c751e8b465ee728b) (PreviewImporter) -> (artifact id: 'bf4c122955f71a404d34063ffc18db0c') in 1.0066625 seconds
Number of updated asset objects reloaded before import = 0Number of asset objects unloaded after import = 21

========================================================================
Received Import Request.
  Time since last request: 0.817613 seconds.
  path: Assets/Prefabs/jet.prefab
  artifactKey: Guid(10daf6b344f7a9849bda7f99eea67aef) Importer(815301076,1909f56bfc062723c751e8b465ee728b)
Start importing Assets/Prefabs/jet.prefab using Guid(10daf6b344f7a9849bda7f99eea67aef) Importer(815301076,1909f56bfc062723c751e8b465ee728b) (PreviewImporter) -> (artifact id: 'b8673b91a586bf694823bb4478eca814') in 0.0897299 seconds
Number of updated asset objects reloaded before import = 0Number of asset objects unloaded after import = 21

========================================================================
Received Import Request.
  Time since last request: 1.478424 seconds.
  path: Assets/Prefabs/jet.prefab
  artifactKey: Guid(10daf6b344f7a9849bda7f99eea67aef) Importer(815301076,1909f56bfc062723c751e8b465ee728b)
Start importing Assets/Prefabs/jet.prefab using Guid(10daf6b344f7a9849bda7f99eea67aef) Importer(815301076,1909f56bfc062723c751e8b465ee728b) (PreviewImporter) -> (artifact id: 'f1fb4f2329a1209757f406eddfed7051') in 1.3770444 seconds
Number of updated asset objects reloaded before import = 0Number of asset objects unloaded after import = 21

========================================================================
Received Import Request.
  Time since last request: 48.052286 seconds.
  path: Assets/Prefabs/Bullet.prefab
  artifactKey: Guid(15b17aa43df3c674e89f644c5190c412) Importer(815301076,1909f56bfc062723c751e8b465ee728b)
Start importing Assets/Prefabs/Bullet.prefab using Guid(15b17aa43df3c674e89f644c5190c412) Importer(815301076,1909f56bfc062723c751e8b465ee728b) (PreviewImporter) -> (artifact id: '25cc7eb07db4de68620fda719706f824') in 0.4432425 seconds
Number of updated asset objects reloaded before import = 0Number of asset objects unloaded after import = 10

========================================================================
Received Import Request.
  Time since last request: 25.764111 seconds.
  path: Assets/Prefabs/jet.prefab
  artifactKey: Guid(10daf6b344f7a9849bda7f99eea67aef) Importer(815301076,1909f56bfc062723c751e8b465ee728b)
Start importing Assets/Prefabs/jet.prefab using Guid(10daf6b344f7a9849bda7f99eea67aef) Importer(815301076,1909f56bfc062723c751e8b465ee728b) (PreviewImporter) -> (artifact id: '9cf091aab8adf49c99e767f3d1220d3c') in 0.3918581 seconds
Number of updated asset objects reloaded before import = 0Number of asset objects unloaded after import = 30

========================================================================
Received Prepare
Begin MonoManager ReloadAssembly
- Loaded All Assemblies, in 51.298 seconds
Refreshing native plugins compatible for Editor in 10.75 ms, found 3 plugins.
Native extension for WindowsStandalone target not found
Native extension for WebGL target not found
Mono: successfully reloaded assembly
- Finished resetting the current domain, in 13.155 seconds
Domain Reload Profiling: 64559ms
	BeginReloadAssembly (9459ms)
		ExecutionOrderSort (0ms)
		DisableScriptedObjects (1613ms)
		BackupInstance (0ms)
		ReleaseScriptingObjects (1ms)
		CreateAndSetChildDomain (4047ms)
	RebuildCommonClasses (3223ms)
	RebuildNativeTypeToScriptingClass (367ms)
	initialDomainReloadingComplete (1255ms)
	LoadAllAssembliesAndSetupDomain (37098ms)
		LoadAssemblies (23571ms)
		RebuildTransferFunctionScriptingTraits (0ms)
		AnalyzeDomain (15210ms)
			TypeCache.Refresh (3189ms)
				TypeCache.ScanAssembly (1ms)
			BuildScriptInfoCaches (10796ms)
			ResolveRequiredComponents (925ms)
	FinalizeReload (13157ms)
		ReleaseScriptCaches (0ms)
		RebuildScriptCaches (0ms)
		SetupLoadedEditorAssemblies (11142ms)
			LogAssemblyErrors (0ms)
			InitializePlatformSupportModulesInManaged (24ms)
			SetLoadedEditorAssemblies (74ms)
			BeforeProcessingInitializeOnLoad (2944ms)
			ProcessInitializeOnLoadAttributes (7817ms)
			ProcessInitializeOnLoadMethodAttributes (263ms)
			AfterProcessingInitializeOnLoad (20ms)
			EditorAssembliesLoaded (1ms)
		ExecutionOrderSort2 (0ms)
		AwakeInstancesAfterBackupRestoration (198ms)
Refreshing native plugins compatible for Editor in 6.86 ms, found 3 plugins.
Preloading 0 native plugins for Editor in 0.00 ms.
Unloading 0 Unused Serialized files (Serialized files now loaded: 0)
Unloading 3708 unused Assets / (413.7 KB). Loaded Objects now: 4241.
Memory consumption went from 84.8 MB to 84.4 MB.
Total: 207.681700 ms (FindLiveObjects: 3.761800 ms CreateObjectMapping: 0.819700 ms MarkObjects: 199.448800 ms  DeleteObjects: 3.646700 ms)

Prepare: number of updated asset objects reloaded= 0
========================================================================
Received Prepare
Begin MonoManager ReloadAssembly
- Loaded All Assemblies, in 26.277 seconds
Refreshing native plugins compatible for Editor in 639.21 ms, found 3 plugins.
Native extension for WindowsStandalone target not found
Native extension for WebGL target not found
Mono: successfully reloaded assembly
- Finished resetting the current domain, in 25.192 seconds
Domain Reload Profiling: 51403ms
	BeginReloadAssembly (2109ms)
		ExecutionOrderSort (0ms)
		DisableScriptedObjects (23ms)
		BackupInstance (0ms)
		ReleaseScriptingObjects (0ms)
		CreateAndSetChildDomain (187ms)
	RebuildCommonClasses (3684ms)
	RebuildNativeTypeToScriptingClass (1330ms)
	initialDomainReloadingComplete (3066ms)
	LoadAllAssembliesAndSetupDomain (15988ms)
		LoadAssemblies (10797ms)
		RebuildTransferFunctionScriptingTraits (0ms)
		AnalyzeDomain (6679ms)
			TypeCache.Refresh (96ms)
				TypeCache.ScanAssembly (0ms)
			BuildScriptInfoCaches (6379ms)
			ResolveRequiredComponents (185ms)
	FinalizeReload (25225ms)
		ReleaseScriptCaches (0ms)
		RebuildScriptCaches (0ms)
		SetupLoadedEditorAssemblies (8231ms)
			LogAssemblyErrors (0ms)
			InitializePlatformSupportModulesInManaged (5ms)
			SetLoadedEditorAssemblies (10ms)
			BeforeProcessingInitializeOnLoad (3849ms)
			ProcessInitializeOnLoadAttributes (3949ms)
			ProcessInitializeOnLoadMethodAttributes (391ms)
			AfterProcessingInitializeOnLoad (26ms)
			EditorAssembliesLoaded (1ms)
		ExecutionOrderSort2 (0ms)
		AwakeInstancesAfterBackupRestoration (17ms)
Refreshing native plugins compatible for Editor in 14.50 ms, found 3 plugins.
Preloading 0 native plugins for Editor in 0.00 ms.
Unloading 0 Unused Serialized files (Serialized files now loaded: 0)
Unloading 3708 unused Assets / (2.2 MB). Loaded Objects now: 4241.
Memory consumption went from 84.8 MB to 82.6 MB.
Total: 50.270700 ms (FindLiveObjects: 3.885800 ms CreateObjectMapping: 3.198000 ms MarkObjects: 33.666100 ms  DeleteObjects: 9.515300 ms)

Prepare: number of updated asset objects reloaded= 0
========================================================================
Received Prepare
Begin MonoManager ReloadAssembly
- Loaded All Assemblies, in  8.753 seconds
Refreshing native plugins compatible for Editor in 2.15 ms, found 3 plugins.
Native extension for WindowsStandalone target not found
Native extension for WebGL target not found
Mono: successfully reloaded assembly
- Finished resetting the current domain, in 24.895 seconds
Domain Reload Profiling: 33624ms
	BeginReloadAssembly (3460ms)
		ExecutionOrderSort (0ms)
		DisableScriptedObjects (710ms)
		BackupInstance (0ms)
		ReleaseScriptingObjects (0ms)
		CreateAndSetChildDomain (1067ms)
	RebuildCommonClasses (227ms)
	RebuildNativeTypeToScriptingClass (56ms)
	initialDomainReloadingComplete (374ms)
	LoadAllAssembliesAndSetupDomain (4610ms)
		LoadAssemblies (3076ms)
		RebuildTransferFunctionScriptingTraits (0ms)
		AnalyzeDomain (2866ms)
			TypeCache.Refresh (66ms)
				TypeCache.ScanAssembly (0ms)
			BuildScriptInfoCaches (2788ms)
			ResolveRequiredComponents (6ms)
	FinalizeReload (24897ms)
		ReleaseScriptCaches (0ms)
		RebuildScriptCaches (0ms)
		SetupLoadedEditorAssemblies (24261ms)
			LogAssemblyErrors (0ms)
			InitializePlatformSupportModulesInManaged (6ms)
			SetLoadedEditorAssemblies (4ms)
			BeforeProcessingInitializeOnLoad (789ms)
			ProcessInitializeOnLoadAttributes (22127ms)
			ProcessInitializeOnLoadMethodAttributes (1227ms)
			AfterProcessingInitializeOnLoad (107ms)
			EditorAssembliesLoaded (1ms)
		ExecutionOrderSort2 (0ms)
		AwakeInstancesAfterBackupRestoration (82ms)
Refreshing native plugins compatible for Editor in 2.54 ms, found 3 plugins.
Preloading 0 native plugins for Editor in 0.00 ms.
Unloading 0 Unused Serialized files (Serialized files now loaded: 0)
Unloading 3708 unused Assets / (1.1 MB). Loaded Objects now: 4241.
Memory consumption went from 84.8 MB to 83.7 MB.
Total: 33.382700 ms (FindLiveObjects: 3.961400 ms CreateObjectMapping: 1.735800 ms MarkObjects: 21.940000 ms  DeleteObjects: 5.742600 ms)

Prepare: number of updated asset objects reloaded= 0
========================================================================
Received Prepare
Begin MonoManager ReloadAssembly
- Loaded All Assemblies, in 25.304 seconds
Refreshing native plugins compatible for Editor in 8.32 ms, found 3 plugins.
Native extension for WindowsStandalone target not found
Native extension for WebGL target not found
Mono: successfully reloaded assembly
- Finished resetting the current domain, in 10.230 seconds
Domain Reload Profiling: 35516ms
	BeginReloadAssembly (5111ms)
		ExecutionOrderSort (0ms)
		DisableScriptedObjects (186ms)
		BackupInstance (0ms)
		ReleaseScriptingObjects (1ms)
		CreateAndSetChildDomain (1687ms)
	RebuildCommonClasses (1309ms)
	RebuildNativeTypeToScriptingClass (92ms)
	initialDomainReloadingComplete (884ms)
	LoadAllAssembliesAndSetupDomain (17888ms)
		LoadAssemblies (8719ms)
		RebuildTransferFunctionScriptingTraits (0ms)
		AnalyzeDomain (11023ms)
			TypeCache.Refresh (29ms)
				TypeCache.ScanAssembly (0ms)
			BuildScriptInfoCaches (10173ms)
			ResolveRequiredComponents (260ms)
	FinalizeReload (10232ms)
		ReleaseScriptCaches (0ms)
		RebuildScriptCaches (0ms)
		SetupLoadedEditorAssemblies (4365ms)
			LogAssemblyErrors (0ms)
			InitializePlatformSupportModulesInManaged (10ms)
			SetLoadedEditorAssemblies (27ms)
			BeforeProcessingInitializeOnLoad (898ms)
			ProcessInitializeOnLoadAttributes (2262ms)
			ProcessInitializeOnLoadMethodAttributes (236ms)
			AfterProcessingInitializeOnLoad (931ms)
			EditorAssembliesLoaded (1ms)
		ExecutionOrderSort2 (0ms)
		AwakeInstancesAfterBackupRestoration (24ms)
Refreshing native plugins compatible for Editor in 16.54 ms, found 3 plugins.
Preloading 0 native plugins for Editor in 0.00 ms.
Unloading 0 Unused Serialized files (Serialized files now loaded: 0)
Unloading 3708 unused Assets / (130.9 KB). Loaded Objects now: 4241.
Memory consumption went from 84.8 MB to 84.7 MB.
Total: 57.666600 ms (FindLiveObjects: 16.092800 ms CreateObjectMapping: 0.954200 ms MarkObjects: 30.692200 ms  DeleteObjects: 9.924100 ms)

Prepare: number of updated asset objects reloaded= 0
========================================================================
Received Prepare
Begin MonoManager ReloadAssembly
- Loaded All Assemblies, in 29.229 seconds
Refreshing native plugins compatible for Editor in 9.00 ms, found 3 plugins.
Native extension for WindowsStandalone target not found
Native extension for WebGL target not found
Mono: successfully reloaded assembly
- Finished resetting the current domain, in 18.330 seconds
Domain Reload Profiling: 47541ms
	BeginReloadAssembly (5878ms)
		ExecutionOrderSort (0ms)
		DisableScriptedObjects (28ms)
		BackupInstance (0ms)
		ReleaseScriptingObjects (0ms)
		CreateAndSetChildDomain (3766ms)
	RebuildCommonClasses (214ms)
	RebuildNativeTypeToScriptingClass (408ms)
	initialDomainReloadingComplete (347ms)
	LoadAllAssembliesAndSetupDomain (22362ms)
		LoadAssemblies (21137ms)
		RebuildTransferFunctionScriptingTraits (0ms)
		AnalyzeDomain (2275ms)
			TypeCache.Refresh (68ms)
				TypeCache.ScanAssembly (1ms)
			BuildScriptInfoCaches (2138ms)
			ResolveRequiredComponents (51ms)
	FinalizeReload (18332ms)
		ReleaseScriptCaches (0ms)
		RebuildScriptCaches (0ms)
		SetupLoadedEditorAssemblies (15767ms)
			LogAssemblyErrors (0ms)
			InitializePlatformSupportModulesInManaged (25ms)
			SetLoadedEditorAssemblies (26ms)
			BeforeProcessingInitializeOnLoad (2618ms)
			ProcessInitializeOnLoadAttributes (12208ms)
			ProcessInitializeOnLoadMethodAttributes (809ms)
			AfterProcessingInitializeOnLoad (77ms)
			EditorAssembliesLoaded (4ms)
		ExecutionOrderSort2 (0ms)
		AwakeInstancesAfterBackupRestoration (47ms)
Refreshing native plugins compatible for Editor in 70.11 ms, found 3 plugins.
Preloading 0 native plugins for Editor in 0.00 ms.
Unloading 0 Unused Serialized files (Serialized files now loaded: 0)
Unloading 3708 unused Assets / (1.0 MB). Loaded Objects now: 4241.
Memory consumption went from 84.8 MB to 83.8 MB.
Total: 29.948000 ms (FindLiveObjects: 2.616700 ms CreateObjectMapping: 1.033000 ms MarkObjects: 19.085300 ms  DeleteObjects: 7.210600 ms)

Prepare: number of updated asset objects reloaded= 0
========================================================================
Received Prepare
Begin MonoManager ReloadAssembly
- Loaded All Assemblies, in 35.654 seconds
Refreshing native plugins compatible for Editor in 12.96 ms, found 3 plugins.
Native extension for WindowsStandalone target not found
Native extension for WebGL target not found
Mono: successfully reloaded assembly
- Finished resetting the current domain, in 20.244 seconds
Domain Reload Profiling: 55990ms
	BeginReloadAssembly (4155ms)
		ExecutionOrderSort (0ms)
		DisableScriptedObjects (291ms)
		BackupInstance (0ms)
		ReleaseScriptingObjects (0ms)
		CreateAndSetChildDomain (202ms)
	RebuildCommonClasses (1925ms)
	RebuildNativeTypeToScriptingClass (256ms)
	initialDomainReloadingComplete (1009ms)
	LoadAllAssembliesAndSetupDomain (28400ms)
		LoadAssemblies (25643ms)
		RebuildTransferFunctionScriptingTraits (0ms)
		AnalyzeDomain (5693ms)
			TypeCache.Refresh (27ms)
				TypeCache.ScanAssembly (0ms)
			BuildScriptInfoCaches (5583ms)
			ResolveRequiredComponents (59ms)
	FinalizeReload (20246ms)
		ReleaseScriptCaches (0ms)
		RebuildScriptCaches (0ms)
		SetupLoadedEditorAssemblies (15627ms)
			LogAssemblyErrors (0ms)
			InitializePlatformSupportModulesInManaged (26ms)
			SetLoadedEditorAssemblies (19ms)
			BeforeProcessingInitializeOnLoad (2540ms)
			ProcessInitializeOnLoadAttributes (11702ms)
			ProcessInitializeOnLoadMethodAttributes (1062ms)
			AfterProcessingInitializeOnLoad (270ms)
			EditorAssembliesLoaded (8ms)
		ExecutionOrderSort2 (0ms)
		AwakeInstancesAfterBackupRestoration (217ms)
Refreshing native plugins compatible for Editor in 16.27 ms, found 3 plugins.
Preloading 0 native plugins for Editor in 0.00 ms.
Unloading 0 Unused Serialized files (Serialized files now loaded: 0)
Unloading 3708 unused Assets / (0.8 MB). Loaded Objects now: 4241.
Memory consumption went from 84.8 MB to 84.0 MB.
Total: 21.220900 ms (FindLiveObjects: 1.649000 ms CreateObjectMapping: 0.901300 ms MarkObjects: 15.382600 ms  DeleteObjects: 3.285500 ms)

Prepare: number of updated asset objects reloaded= 0
========================================================================
Received Prepare
Begin MonoManager ReloadAssembly
- Loaded All Assemblies, in  6.448 seconds
Refreshing native plugins compatible for Editor in 6.84 ms, found 3 plugins.
Native extension for WindowsStandalone target not found
Native extension for WebGL target not found
Mono: successfully reloaded assembly
- Finished resetting the current domain, in  5.577 seconds
Domain Reload Profiling: 12022ms
	BeginReloadAssembly (2515ms)
		ExecutionOrderSort (0ms)
		DisableScriptedObjects (79ms)
		BackupInstance (0ms)
		ReleaseScriptingObjects (0ms)
		CreateAndSetChildDomain (419ms)
	RebuildCommonClasses (429ms)
	RebuildNativeTypeToScriptingClass (51ms)
	initialDomainReloadingComplete (250ms)
	LoadAllAssembliesAndSetupDomain (3198ms)
		LoadAssemblies (2382ms)
		RebuildTransferFunctionScriptingTraits (0ms)
		AnalyzeDomain (1931ms)
			TypeCache.Refresh (39ms)
				TypeCache.ScanAssembly (5ms)
			BuildScriptInfoCaches (1664ms)
			ResolveRequiredComponents (212ms)
	FinalizeReload (5579ms)
		ReleaseScriptCaches (0ms)
		RebuildScriptCaches (0ms)
		SetupLoadedEditorAssemblies (4814ms)
			LogAssemblyErrors (0ms)
			InitializePlatformSupportModulesInManaged (95ms)
			SetLoadedEditorAssemblies (114ms)
			BeforeProcessingInitializeOnLoad (389ms)
			ProcessInitializeOnLoadAttributes (3929ms)
			ProcessInitializeOnLoadMethodAttributes (231ms)
			AfterProcessingInitializeOnLoad (54ms)
			EditorAssembliesLoaded (0ms)
		ExecutionOrderSort2 (0ms)
		AwakeInstancesAfterBackupRestoration (71ms)
Refreshing native plugins compatible for Editor in 8.22 ms, found 3 plugins.
Preloading 0 native plugins for Editor in 0.00 ms.
Unloading 0 Unused Serialized files (Serialized files now loaded: 0)
Unloading 3708 unused Assets / (1.1 MB). Loaded Objects now: 4241.
Memory consumption went from 84.8 MB to 83.7 MB.
Total: 22.040300 ms (FindLiveObjects: 1.652400 ms CreateObjectMapping: 5.539800 ms MarkObjects: 10.484300 ms  DeleteObjects: 4.361200 ms)

Prepare: number of updated asset objects reloaded= 0
========================================================================
Received Import Request.
  Time since last request: 433.438729 seconds.
  path: Assets/Prefabs/jet.prefab
  artifactKey: Guid(10daf6b344f7a9849bda7f99eea67aef) Importer(815301076,1909f56bfc062723c751e8b465ee728b)
Start importing Assets/Prefabs/jet.prefab using Guid(10daf6b344f7a9849bda7f99eea67aef) Importer(815301076,1909f56bfc062723c751e8b465ee728b) (PreviewImporter) -> (artifact id: 'ff6b14dc000c5e7d30285a252c80a3ed') in 0.6679154 seconds
Number of updated asset objects reloaded before import = 0Number of asset objects unloaded after import = 30

========================================================================
Received Prepare
Begin MonoManager ReloadAssembly
- Loaded All Assemblies, in  8.981 seconds
Refreshing native plugins compatible for Editor in 54.26 ms, found 3 plugins.
Native extension for WindowsStandalone target not found
Native extension for WebGL target not found
Mono: successfully reloaded assembly
- Finished resetting the current domain, in 30.845 seconds
Domain Reload Profiling: 39893ms
	BeginReloadAssembly (4172ms)
		ExecutionOrderSort (0ms)
		DisableScriptedObjects (16ms)
		BackupInstance (0ms)
		ReleaseScriptingObjects (0ms)
		CreateAndSetChildDomain (125ms)
	RebuildCommonClasses (323ms)
	RebuildNativeTypeToScriptingClass (34ms)
	initialDomainReloadingComplete (189ms)
	LoadAllAssembliesAndSetupDomain (4324ms)
		LoadAssemblies (6188ms)
		RebuildTransferFunctionScriptingTraits (0ms)
		AnalyzeDomain (1999ms)
			TypeCache.Refresh (17ms)
				TypeCache.ScanAssembly (0ms)
			BuildScriptInfoCaches (1732ms)
			ResolveRequiredComponents (185ms)
	FinalizeReload (30851ms)
		ReleaseScriptCaches (0ms)
		RebuildScriptCaches (0ms)
		SetupLoadedEditorAssemblies (22948ms)
			LogAssemblyErrors (0ms)
			InitializePlatformSupportModulesInManaged (305ms)
			SetLoadedEditorAssemblies (188ms)
			BeforeProcessingInitializeOnLoad (1687ms)
			ProcessInitializeOnLoadAttributes (18576ms)
			ProcessInitializeOnLoadMethodAttributes (771ms)
			AfterProcessingInitializeOnLoad (1417ms)
			EditorAssembliesLoaded (5ms)
		ExecutionOrderSort2 (0ms)
		AwakeInstancesAfterBackupRestoration (795ms)
Refreshing native plugins compatible for Editor in 103.68 ms, found 3 plugins.
Preloading 0 native plugins for Editor in 0.00 ms.
Unloading 0 Unused Serialized files (Serialized files now loaded: 0)
Unloading 3708 unused Assets / (1.1 MB). Loaded Objects now: 4241.
Memory consumption went from 84.8 MB to 83.8 MB.
Total: 97.698600 ms (FindLiveObjects: 3.694700 ms CreateObjectMapping: 4.498000 ms MarkObjects: 74.737500 ms  DeleteObjects: 14.763700 ms)

Prepare: number of updated asset objects reloaded= 0
========================================================================
Received Prepare
Begin MonoManager ReloadAssembly
- Loaded All Assemblies, in 22.929 seconds
Refreshing native plugins compatible for Editor in 4.81 ms, found 3 plugins.
Native extension for WindowsStandalone target not found
Native extension for WebGL target not found
Mono: successfully reloaded assembly
- Finished resetting the current domain, in 12.261 seconds
Domain Reload Profiling: 35181ms
	BeginReloadAssembly (2691ms)
		ExecutionOrderSort (0ms)
		DisableScriptedObjects (259ms)
		BackupInstance (0ms)
		ReleaseScriptingObjects (0ms)
		CreateAndSetChildDomain (581ms)
	RebuildCommonClasses (1429ms)
	RebuildNativeTypeToScriptingClass (664ms)
	initialDomainReloadingComplete (251ms)
	LoadAllAssembliesAndSetupDomain (17877ms)
		LoadAssemblies (5092ms)
		RebuildTransferFunctionScriptingTraits (0ms)
		AnalyzeDomain (14184ms)
			TypeCache.Refresh (398ms)
				TypeCache.ScanAssembly (0ms)
			BuildScriptInfoCaches (13374ms)
			ResolveRequiredComponents (382ms)
	FinalizeReload (12270ms)
		ReleaseScriptCaches (0ms)
		RebuildScriptCaches (0ms)
		SetupLoadedEditorAssemblies (10546ms)
			LogAssemblyErrors (0ms)
			InitializePlatformSupportModulesInManaged (9ms)
			SetLoadedEditorAssemblies (10ms)
			BeforeProcessingInitializeOnLoad (1512ms)
			ProcessInitializeOnLoadAttributes (8340ms)
			ProcessInitializeOnLoadMethodAttributes (415ms)
			AfterProcessingInitializeOnLoad (256ms)
			EditorAssembliesLoaded (3ms)
		ExecutionOrderSort2 (0ms)
		AwakeInstancesAfterBackupRestoration (233ms)
Refreshing native plugins compatible for Editor in 7.96 ms, found 3 plugins.
Preloading 0 native plugins for Editor in 0.00 ms.
Unloading 0 Unused Serialized files (Serialized files now loaded: 0)
Unloading 3708 unused Assets / (0.9 MB). Loaded Objects now: 4241.
Memory consumption went from 84.8 MB to 84.0 MB.
Total: 29.896500 ms (FindLiveObjects: 0.865400 ms CreateObjectMapping: 2.341600 ms MarkObjects: 22.440700 ms  DeleteObjects: 4.246100 ms)

Prepare: number of updated asset objects reloaded= 0
========================================================================
Received Prepare
Begin MonoManager ReloadAssembly
- Loaded All Assemblies, in  6.151 seconds
Refreshing native plugins compatible for Editor in 5.92 ms, found 3 plugins.
Native extension for WindowsStandalone target not found
Native extension for WebGL target not found
Mono: successfully reloaded assembly
- Finished resetting the current domain, in  3.581 seconds
Domain Reload Profiling: 9707ms
	BeginReloadAssembly (2264ms)
		ExecutionOrderSort (0ms)
		DisableScriptedObjects (281ms)
		BackupInstance (0ms)
		ReleaseScriptingObjects (0ms)
		CreateAndSetChildDomain (557ms)
	RebuildCommonClasses (520ms)
	RebuildNativeTypeToScriptingClass (39ms)
	initialDomainReloadingComplete (312ms)
	LoadAllAssembliesAndSetupDomain (2988ms)
		LoadAssemblies (2582ms)
		RebuildTransferFunctionScriptingTraits (0ms)
		AnalyzeDomain (1587ms)
			TypeCache.Refresh (14ms)
				TypeCache.ScanAssembly (0ms)
			BuildScriptInfoCaches (1520ms)
			ResolveRequiredComponents (38ms)
	FinalizeReload (3584ms)
		ReleaseScriptCaches (0ms)
		RebuildScriptCaches (0ms)
		SetupLoadedEditorAssemblies (2789ms)
			LogAssemblyErrors (10ms)
			InitializePlatformSupportModulesInManaged (96ms)
			SetLoadedEditorAssemblies (107ms)
			BeforeProcessingInitializeOnLoad (390ms)
			ProcessInitializeOnLoadAttributes (1931ms)
			ProcessInitializeOnLoadMethodAttributes (231ms)
			AfterProcessingInitializeOnLoad (23ms)
			EditorAssembliesLoaded (0ms)
		ExecutionOrderSort2 (0ms)
		AwakeInstancesAfterBackupRestoration (19ms)
Refreshing native plugins compatible for Editor in 3.16 ms, found 3 plugins.
Preloading 0 native plugins for Editor in 0.00 ms.
Unloading 0 Unused Serialized files (Serialized files now loaded: 0)
Unloading 3708 unused Assets / (1.2 MB). Loaded Objects now: 4241.
Memory consumption went from 84.9 MB to 83.6 MB.
Total: 16.339100 ms (FindLiveObjects: 0.713300 ms CreateObjectMapping: 0.626200 ms MarkObjects: 11.095000 ms  DeleteObjects: 3.902900 ms)

Prepare: number of updated asset objects reloaded= 0
========================================================================
Received Import Request.
  Time since last request: 161.265416 seconds.
  path: Assets/Prefabs/jet.prefab
  artifactKey: Guid(10daf6b344f7a9849bda7f99eea67aef) Importer(815301076,1909f56bfc062723c751e8b465ee728b)
Start importing Assets/Prefabs/jet.prefab using Guid(10daf6b344f7a9849bda7f99eea67aef) Importer(815301076,1909f56bfc062723c751e8b465ee728b) (PreviewImporter) -> (artifact id: '3e569e7a9ea6b299594d6b0ca698bde8') in 0.859352 seconds
Number of updated asset objects reloaded before import = 0Number of asset objects unloaded after import = 30

========================================================================
Received Prepare
Refreshing native plugins compatible for Editor in 14.46 ms, found 3 plugins.
Preloading 0 native plugins for Editor in 0.00 ms.
Unloading 0 Unused Serialized files (Serialized files now loaded: 0)
Unloading 3701 unused Assets / (0.8 MB). Loaded Objects now: 4242.
Memory consumption went from 85.1 MB to 84.3 MB.
Total: 120.753100 ms (FindLiveObjects: 3.148700 ms CreateObjectMapping: 5.725300 ms MarkObjects: 107.406200 ms  DeleteObjects: 4.468100 ms)

Prepare: number of updated asset objects reloaded= 0
========================================================================
Received Import Request.
  Time since last request: 84.082932 seconds.
  path: Assets/Prefabs/Bullet.prefab
  artifactKey: Guid(15b17aa43df3c674e89f644c5190c412) Importer(815301076,1909f56bfc062723c751e8b465ee728b)
Start importing Assets/Prefabs/Bullet.prefab using Guid(15b17aa43df3c674e89f644c5190c412) Importer(815301076,1909f56bfc062723c751e8b465ee728b) (PreviewImporter) -> (artifact id: '6abfbc60710770bb752dcc99025a2af5') in 0.2683292 seconds
Number of updated asset objects reloaded before import = 0Number of asset objects unloaded after import = 10

========================================================================
Received Import Request.
  Time since last request: 0.000056 seconds.
  path: Assets/Prefabs/jet.prefab
  artifactKey: Guid(10daf6b344f7a9849bda7f99eea67aef) Importer(815301076,1909f56bfc062723c751e8b465ee728b)
Start importing Assets/Prefabs/jet.prefab using Guid(10daf6b344f7a9849bda7f99eea67aef) Importer(815301076,1909f56bfc062723c751e8b465ee728b) (PreviewImporter) -> (artifact id: 'ab9dbdd50a2ccad32aeba4b33f72ec0b') in 0.319344 seconds
Number of updated asset objects reloaded before import = 0Number of asset objects unloaded after import = 30

========================================================================
Received Import Request.
  Time since last request: 33.670203 seconds.
  path: Assets/Prefabs/Bullet.prefab
  artifactKey: Guid(15b17aa43df3c674e89f644c5190c412) Importer(815301076,1909f56bfc062723c751e8b465ee728b)
Start importing Assets/Prefabs/Bullet.prefab using Guid(15b17aa43df3c674e89f644c5190c412) Importer(815301076,1909f56bfc062723c751e8b465ee728b) (PreviewImporter) -> (artifact id: '67bb4c05ed873e91cbd8456bb19e0336') in 0.0496676 seconds
Number of updated asset objects reloaded before import = 0Number of asset objects unloaded after import = 10

========================================================================
Received Import Request.
  Time since last request: 0.000161 seconds.
  path: Assets/Prefabs/jet.prefab
  artifactKey: Guid(10daf6b344f7a9849bda7f99eea67aef) Importer(815301076,1909f56bfc062723c751e8b465ee728b)
Start importing Assets/Prefabs/jet.prefab using Guid(10daf6b344f7a9849bda7f99eea67aef) Importer(815301076,1909f56bfc062723c751e8b465ee728b) (PreviewImporter) -> (artifact id: '0ee80aa4899cc5719f7364db886cd2ea') in 0.0414205 seconds
Number of updated asset objects reloaded before import = 0Number of asset objects unloaded after import = 30

========================================================================
Received Import Request.
  Time since last request: 95.383520 seconds.
  path: Assets/Materials/Gold.mat
  artifactKey: Guid(229ae2f08feaa6b478fdee4f1bff993c) Importer(815301076,1909f56bfc062723c751e8b465ee728b)
Start importing Assets/Materials/Gold.mat using Guid(229ae2f08feaa6b478fdee4f1bff993c) Importer(815301076,1909f56bfc062723c751e8b465ee728b) (PreviewImporter) -> (artifact id: '269eebb9bea2ea7392a42d62a7abdedd') in 0.4973919 seconds
Number of updated asset objects reloaded before import = 0Number of asset objects unloaded after import = 1

========================================================================
Received Import Request.
  Time since last request: 6.824951 seconds.
  path: Assets/Materials/Materials
  artifactKey: Guid(8095bb2bb21af1047badca6ecc95243c) Importer(815301076,1909f56bfc062723c751e8b465ee728b)
Start importing Assets/Materials/Materials using Guid(8095bb2bb21af1047badca6ecc95243c) Importer(815301076,1909f56bfc062723c751e8b465ee728b) (PreviewImporter) -> (artifact id: '10c7f2cfabdacc8b1311517456f0362f') in 0.0611535 seconds
Number of updated asset objects reloaded before import = 0Number of asset objects unloaded after import = 0

========================================================================
Received Import Request.
  Time since last request: 0.273126 seconds.
  path: Assets/Materials/Materials/MilitaryBase.mat
  artifactKey: Guid(cafa4aefecad467448a67c60ada96d53) Importer(815301076,1909f56bfc062723c751e8b465ee728b)
Start importing Assets/Materials/Materials/MilitaryBase.mat using Guid(cafa4aefecad467448a67c60ada96d53) Importer(815301076,1909f56bfc062723c751e8b465ee728b) (PreviewImporter) -> (artifact id: '121df010c4e20fbe6ed9208df918e755') in 0.115323 seconds
Number of updated asset objects reloaded before import = 0Number of asset objects unloaded after import = 2

========================================================================
Received Import Request.
  Time since last request: 0.000173 seconds.
  path: Assets/Materials/Materials/Mountain.mat
  artifactKey: Guid(4bbeac6af37d9e4449299ac8665c50c3) Importer(815301076,1909f56bfc062723c751e8b465ee728b)
Start importing Assets/Materials/Materials/Mountain.mat using Guid(4bbeac6af37d9e4449299ac8665c50c3) Importer(815301076,1909f56bfc062723c751e8b465ee728b) (PreviewImporter) -> (artifact id: '19f6f88db7cb1ea33ac04f11e64d4b34') in 0.0492616 seconds
Number of updated asset objects reloaded before import = 0Number of asset objects unloaded after import = 2

========================================================================
Received Import Request.
  Time since last request: 34.551237 seconds.
  path: Assets/Sounds/bbc_gunfire---_07034223.mp3
  artifactKey: Guid(3978c1dfe74dd9f4085bed7f382c5044) Importer(815301076,1909f56bfc062723c751e8b465ee728b)
Start importing Assets/Sounds/bbc_gunfire---_07034223.mp3 using Guid(3978c1dfe74dd9f4085bed7f382c5044) Importer(815301076,1909f56bfc062723c751e8b465ee728b) (PreviewImporter) -> (artifact id: '0c6ce506e7f6d8dd0010e6e3ee561c83') in 0.7390589 seconds
Number of updated asset objects reloaded before import = 0Number of asset objects unloaded after import = 2

========================================================================
Received Import Request.
  Time since last request: 29.801921 seconds.
  path: Assets/Sounds/Tu És A Que Eu Quero (Tu Não Prendas O Cabelo).mp3
  artifactKey: Guid(2f3a33bd066b8ea48bf34051738db7f1) Importer(815301076,1909f56bfc062723c751e8b465ee728b)
Start importing Assets/Sounds/Tu És A Que Eu Quero (Tu Não Prendas O Cabelo).mp3 using Guid(2f3a33bd066b8ea48bf34051738db7f1) Importer(815301076,1909f56bfc062723c751e8b465ee728b) (PreviewImporter) -> (artifact id: 'ba1f3ec5d4993e178205d3212d8e9e4f') in 0.0463732 seconds
Number of updated asset objects reloaded before import = 0Number of asset objects unloaded after import = 2

